<?xml version="1.0" encoding="UTF-8"?>
<testsuite xmlns:xsi="http://www.w3.org/2001/XMLSchema-instance" xsi:noNamespaceSchemaLocation="https://maven.apache.org/surefire/maven-surefire-plugin/xsd/surefire-test-report-3.0.xsd" version="3.0" name="com.qa.runner.TestRunner" time="7.864" tests="12" errors="0" skipped="0" failures="0">
  <properties>
[...]
</properties>
  <testcase name="Given Add place payload with &quot;sandesh&quot; and  &quot;English&quot; and &quot;maruthiexten banalore&quot;" classname="| sandesh | English | maruthiexten banalore |" time="0.002"/>
  <testcase name="When user calls &quot;AddPlaceAPI&quot; api with Post http request" classname="| sandesh | English | maruthiexten banalore |" time="0"/>
  <testcase name="Then api call is success with status code 200" classname="| sandesh | English | maruthiexten banalore |" time="0"/>
  <testcase name="Then &quot;status&quot; value is &quot;OK&quot;" classname="| sandesh | English | maruthiexten banalore |" time="0"/>
  <testcase name="Then &quot;scope&quot; value is &quot;APP&quot;" classname="| sandesh | English | maruthiexten banalore |" time="0"/>
  <testcase name="" classname="| sandesh | English | maruthiexten banalore |" time="0.002"/>
  <testcase name="Given Add place payload with &quot;sandesh123&quot; and  &quot;Tamil&quot; and &quot;maruthiexten3 banalore&quot;" classname="| sandesh123 | Tamil | maruthiexten3 banalore |" time="0"/>
  <testcase name="When user calls &quot;AddPlaceAPI&quot; api with Post http request" classname="| sandesh123 | Tamil | maruthiexten3 banalore |" time="0"/>
  <testcase name="Then api call is success with status code 200" classname="| sandesh123 | Tamil | maruthiexten3 banalore |" time="0"/>
  <testcase name="Then &quot;status&quot; value is &quot;OK&quot;" classname="| sandesh123 | Tamil | maruthiexten3 banalore |" time="0"/>
  <testcase name="Then &quot;scope&quot; value is &quot;APP&quot;" classname="| sandesh123 | Tamil | maruthiexten3 banalore |" time="0"/>
  <testcase name="" classname="| sandesh123 | Tamil | maruthiexten3 banalore |" time="0"/>
</testsuite>